<?xml version="1.0" encoding="UTF-8"?>
<!-- Generated by org.testng.reporters.JUnitReportReporter -->
<testsuite hostname="KAJAL" failures="0" tests="1" name="com.homepage.text.AllTabTest" time="36.459" errors="0" timestamp="2023-04-30T23:27:31 IST" skipped="0">
  <testcase classname="com.homepage.text.AllTabTest" name="displaydemo" time="36.459"/>
  <system-out/>
</testsuite> <!-- com.homepage.text.AllTabTest -->
